2022-05-25 17:09:02,328 INFO org.springframework.boot.StartupInfoLogger [main] Starting WordtestApplication on DESKTOP-0VEA070 with PID 38924 (C:\Users\saulr\Documents\Development\wordtest\target\classes started by saulr in C:\Users\saulr\Documents\Development\wordtest)
2022-05-25 17:09:02,330 INFO org.springframework.boot.SpringApplication [main] The following profiles are active: sr
2022-05-25 17:09:02,908 INFO org.springframework.boot.web.embedded.tomcat.TomcatWebServer [main] Tomcat initialized with port(s): 8080 (http)
2022-05-25 17:09:02,913 INFO org.apache.juli.logging.DirectJDKLog [main] Initializing ProtocolHandler ["http-nio-8080"]
2022-05-25 17:09:02,913 INFO org.apache.juli.logging.DirectJDKLog [main] Starting service [Tomcat]
2022-05-25 17:09:02,913 INFO org.apache.juli.logging.DirectJDKLog [main] Starting Servlet engine: [Apache Tomcat/9.0.29]
2022-05-25 17:09:02,975 INFO org.apache.juli.logging.DirectJDKLog [main] Initializing Spring embedded WebApplicationContext
2022-05-25 17:09:02,975 INFO org.springframework.boot.web.servlet.context.ServletWebServerApplicationContext [main] Root WebApplicationContext: initialization completed in 587 ms
2022-05-25 17:09:03,121 INFO org.springframework.scheduling.concurrent.ExecutorConfigurationSupport [main] Initializing ExecutorService 'applicationTaskExecutor'
2022-05-25 17:09:03,407 INFO org.apache.juli.logging.DirectJDKLog [main] Starting ProtocolHandler ["http-nio-8080"]
2022-05-25 17:09:03,424 INFO org.springframework.boot.web.embedded.tomcat.TomcatWebServer [main] Tomcat started on port(s): 8080 (http) with context path '/wordtest'
2022-05-25 17:09:03,426 INFO org.springframework.boot.StartupInfoLogger [main] Started WordtestApplication in 1.467 seconds (JVM running for 2.214)
2022-05-25 17:09:32,243 INFO org.springframework.scheduling.concurrent.ExecutorConfigurationSupport [SpringContextShutdownHook] Shutting down ExecutorService 'applicationTaskExecutor'
2022-05-25 17:15:59,972 INFO org.springframework.boot.StartupInfoLogger [main] Starting WordtestApplication on DESKTOP-0VEA070 with PID 19220 (C:\Users\saulr\Documents\Development\wordtest\target\classes started by saulr in C:\Users\saulr\Documents\Development\wordtest)
2022-05-25 17:15:59,975 INFO org.springframework.boot.SpringApplication [main] The following profiles are active: sr
2022-05-25 17:16:00,543 INFO org.springframework.boot.web.embedded.tomcat.TomcatWebServer [main] Tomcat initialized with port(s): 8080 (http)
2022-05-25 17:16:00,548 INFO org.apache.juli.logging.DirectJDKLog [main] Initializing ProtocolHandler ["http-nio-8080"]
2022-05-25 17:16:00,548 INFO org.apache.juli.logging.DirectJDKLog [main] Starting service [Tomcat]
2022-05-25 17:16:00,548 INFO org.apache.juli.logging.DirectJDKLog [main] Starting Servlet engine: [Apache Tomcat/9.0.29]
2022-05-25 17:16:00,616 INFO org.apache.juli.logging.DirectJDKLog [main] Initializing Spring embedded WebApplicationContext
2022-05-25 17:16:00,617 INFO org.springframework.boot.web.servlet.context.ServletWebServerApplicationContext [main] Root WebApplicationContext: initialization completed in 579 ms
2022-05-25 17:16:00,771 INFO org.springframework.scheduling.concurrent.ExecutorConfigurationSupport [main] Initializing ExecutorService 'applicationTaskExecutor'
2022-05-25 17:16:01,089 INFO org.apache.juli.logging.DirectJDKLog [main] Starting ProtocolHandler ["http-nio-8080"]
2022-05-25 17:16:01,103 INFO org.springframework.boot.web.embedded.tomcat.TomcatWebServer [main] Tomcat started on port(s): 8080 (http) with context path '/wordtest'
2022-05-25 17:16:01,104 INFO org.springframework.boot.StartupInfoLogger [main] Started WordtestApplication in 1.936 seconds (JVM running for 2.999)
2022-05-25 17:16:12,793 INFO org.apache.juli.logging.DirectJDKLog [http-nio-8080-exec-2] Initializing Spring DispatcherServlet 'dispatcherServlet'
2022-05-25 17:16:12,794 INFO org.springframework.web.servlet.FrameworkServlet [http-nio-8080-exec-2] Initializing Servlet 'dispatcherServlet'
2022-05-25 17:16:12,797 INFO org.springframework.web.servlet.FrameworkServlet [http-nio-8080-exec-2] Completed initialization in 3 ms
2022-05-25 17:16:13,123 INFO org.springdoc.api.AbstractOpenApiResource [http-nio-8080-exec-3] Init duration for springdoc-openapi is: 98 ms
2022-05-25 17:16:58,032 INFO org.springframework.boot.StartupInfoLogger [main] Starting WordtestControllerTests on DESKTOP-0VEA070 with PID 51904 (started by saulr in C:\Users\saulr\Documents\Development\wordtest)
2022-05-25 17:16:58,033 INFO org.springframework.boot.SpringApplication [main] The following profiles are active: sr
2022-05-25 17:16:58,968 INFO org.springframework.scheduling.concurrent.ExecutorConfigurationSupport [main] Initializing ExecutorService 'applicationTaskExecutor'
2022-05-25 17:16:59,592 INFO org.springframework.boot.StartupInfoLogger [main] Started WordtestControllerTests in 1.885 seconds (JVM running for 2.954)
2022-05-25 17:16:59,736 INFO org.springframework.mock.web.MockServletContext [main] Initializing Spring TestDispatcherServlet ''
2022-05-25 17:16:59,736 INFO org.springframework.web.servlet.FrameworkServlet [main] Initializing Servlet ''
2022-05-25 17:16:59,747 INFO org.springframework.web.servlet.FrameworkServlet [main] Completed initialization in 11 ms
2022-05-25 17:16:59,815 INFO org.springframework.mock.web.MockServletContext [main] Initializing Spring TestDispatcherServlet ''
2022-05-25 17:16:59,815 INFO org.springframework.web.servlet.FrameworkServlet [main] Initializing Servlet ''
2022-05-25 17:16:59,816 INFO org.springframework.web.servlet.FrameworkServlet [main] Completed initialization in 1 ms
2022-05-25 17:16:59,819 WARN org.springframework.web.servlet.handler.AbstractHandlerExceptionResolver [main] Resolved [org.springframework.web.multipart.support.MissingServletRequestPartException: Required request part 'file' is not present]
2022-05-25 17:17:00,069 INFO org.springframework.scheduling.concurrent.ExecutorConfigurationSupport [SpringContextShutdownHook] Shutting down ExecutorService 'applicationTaskExecutor'
2022-05-25 17:17:21,784 INFO org.springframework.boot.StartupInfoLogger [main] Starting WordtestControllerTests on DESKTOP-0VEA070 with PID 28044 (started by saulr in C:\Users\saulr\Documents\Development\wordtest)
2022-05-25 17:17:21,786 INFO org.springframework.boot.SpringApplication [main] The following profiles are active: sr
2022-05-25 17:17:23,196 INFO org.springframework.scheduling.concurrent.ExecutorConfigurationSupport [main] Initializing ExecutorService 'applicationTaskExecutor'
2022-05-25 17:17:23,786 INFO org.springframework.boot.StartupInfoLogger [main] Started WordtestControllerTests in 2.437 seconds (JVM running for 3.756)
2022-05-25 17:17:23,939 INFO org.springframework.mock.web.MockServletContext [main] Initializing Spring TestDispatcherServlet ''
2022-05-25 17:17:23,940 INFO org.springframework.web.servlet.FrameworkServlet [main] Initializing Servlet ''
2022-05-25 17:17:23,951 INFO org.springframework.web.servlet.FrameworkServlet [main] Completed initialization in 11 ms
2022-05-25 17:17:24,042 INFO org.springframework.mock.web.MockServletContext [main] Initializing Spring TestDispatcherServlet ''
2022-05-25 17:17:24,042 INFO org.springframework.web.servlet.FrameworkServlet [main] Initializing Servlet ''
2022-05-25 17:17:24,044 INFO org.springframework.web.servlet.FrameworkServlet [main] Completed initialization in 2 ms
2022-05-25 17:17:24,046 WARN org.springframework.web.servlet.handler.AbstractHandlerExceptionResolver [main] Resolved [org.springframework.web.multipart.support.MissingServletRequestPartException: Required request part 'file' is not present]
2022-05-25 17:17:24,308 INFO org.springframework.scheduling.concurrent.ExecutorConfigurationSupport [SpringContextShutdownHook] Shutting down ExecutorService 'applicationTaskExecutor'
2022-05-25 17:17:40,725 INFO org.springframework.scheduling.concurrent.ExecutorConfigurationSupport [SpringContextShutdownHook] Shutting down ExecutorService 'applicationTaskExecutor'
2022-05-25 17:22:41,758 INFO org.springframework.boot.StartupInfoLogger [main] Starting WordtestApplicationTests using Java 1.8.0_202 on DESKTOP-0VEA070 with PID 49944 (started by saulr in C:\Users\saulr\Documents\Development\wordtest)
2022-05-25 17:22:41,760 INFO org.springframework.boot.SpringApplication [main] The following 1 profile is active: "sr"
2022-05-25 17:22:43,405 INFO org.springframework.boot.StartupInfoLogger [main] Started WordtestApplicationTests in 1.982 seconds (JVM running for 2.722)
2022-05-25 17:29:20,201 INFO org.springframework.boot.StartupInfoLogger [main] Starting WordtestApplication on DESKTOP-0VEA070 with PID 33228 (C:\Users\saulr\Documents\Development\wordtest\target\classes started by saulr in C:\Users\saulr\Documents\Development\wordtest)
2022-05-25 17:29:20,203 INFO org.springframework.boot.SpringApplication [main] The following profiles are active: sr
2022-05-25 17:29:20,779 INFO org.springframework.boot.web.embedded.tomcat.TomcatWebServer [main] Tomcat initialized with port(s): 8080 (http)
2022-05-25 17:29:20,784 INFO org.apache.juli.logging.DirectJDKLog [main] Initializing ProtocolHandler ["http-nio-8080"]
2022-05-25 17:29:20,785 INFO org.apache.juli.logging.DirectJDKLog [main] Starting service [Tomcat]
2022-05-25 17:29:20,785 INFO org.apache.juli.logging.DirectJDKLog [main] Starting Servlet engine: [Apache Tomcat/9.0.29]
2022-05-25 17:29:20,848 INFO org.apache.juli.logging.DirectJDKLog [main] Initializing Spring embedded WebApplicationContext
2022-05-25 17:29:20,848 INFO org.springframework.boot.web.servlet.context.ServletWebServerApplicationContext [main] Root WebApplicationContext: initialization completed in 583 ms
2022-05-25 17:29:20,992 INFO org.springframework.scheduling.concurrent.ExecutorConfigurationSupport [main] Initializing ExecutorService 'applicationTaskExecutor'
2022-05-25 17:29:21,287 INFO org.apache.juli.logging.DirectJDKLog [main] Starting ProtocolHandler ["http-nio-8080"]
2022-05-25 17:29:21,299 INFO org.springframework.boot.web.embedded.tomcat.TomcatWebServer [main] Tomcat started on port(s): 8080 (http) with context path '/wordtest'
2022-05-25 17:29:21,301 INFO org.springframework.boot.StartupInfoLogger [main] Started WordtestApplication in 1.408 seconds (JVM running for 1.957)
2022-05-25 17:29:27,035 INFO org.springframework.scheduling.concurrent.ExecutorConfigurationSupport [SpringContextShutdownHook] Shutting down ExecutorService 'applicationTaskExecutor'
2022-05-25 17:29:50,329 INFO org.springframework.boot.StartupInfoLogger [main] Starting WordtestControllerTests on DESKTOP-0VEA070 with PID 38108 (started by saulr in C:\Users\saulr\Documents\Development\wordtest)
2022-05-25 17:29:50,331 INFO org.springframework.boot.SpringApplication [main] The following profiles are active: sr
2022-05-25 17:29:51,337 INFO org.springframework.scheduling.concurrent.ExecutorConfigurationSupport [main] Initializing ExecutorService 'applicationTaskExecutor'
2022-05-25 17:29:51,912 INFO org.springframework.boot.StartupInfoLogger [main] Started WordtestControllerTests in 1.896 seconds (JVM running for 2.965)
2022-05-25 17:29:52,077 INFO org.springframework.mock.web.MockServletContext [main] Initializing Spring TestDispatcherServlet ''
2022-05-25 17:29:52,078 INFO org.springframework.web.servlet.FrameworkServlet [main] Initializing Servlet ''
2022-05-25 17:29:52,086 INFO org.springframework.web.servlet.FrameworkServlet [main] Completed initialization in 8 ms
2022-05-25 17:29:52,147 INFO org.springframework.mock.web.MockServletContext [main] Initializing Spring TestDispatcherServlet ''
2022-05-25 17:29:52,148 INFO org.springframework.web.servlet.FrameworkServlet [main] Initializing Servlet ''
2022-05-25 17:29:52,149 INFO org.springframework.web.servlet.FrameworkServlet [main] Completed initialization in 1 ms
2022-05-25 17:29:52,151 WARN org.springframework.web.servlet.handler.AbstractHandlerExceptionResolver [main] Resolved [org.springframework.web.multipart.support.MissingServletRequestPartException: Required request part 'file' is not present]
2022-05-25 17:29:52,429 INFO org.springframework.scheduling.concurrent.ExecutorConfigurationSupport [SpringContextShutdownHook] Shutting down ExecutorService 'applicationTaskExecutor'
